Base path: C:/Program Files (x86)/Unity/Editor/Data
Pipe name: \\.\pipe\UnityShaderCompiler-1-28204
Cmd: getPlatforms
Cmd: preprocess
  insize=756 outsize=335 ok=1
Cmd: compileSnippet
  api=4 type=0 insize=696 outsize=900 kw= ok=1
Cmd: compileSnippet
  api=4 type=1 insize=696 outsize=527 kw= ok=1
Cmd: preprocess
  insize=464 outsize=464 ok=1
Cmd: preprocess
  insize=763 outsize=342 ok=1
Cmd: preprocess
  insize=1101 outsize=904 ok=1
Cmd: preprocess
  insize=904 outsize=342 ok=1
Cmd: compileSnippet
  api=4 type=0 insize=832 outsize=1071 kw= ok=1
Cmd: compileSnippet
  api=4 type=1 insize=832 outsize=600 kw= ok=1
Cmd: preprocess
  insize=1654 outsize=1035 ok=1
Cmd: preprocess
  insize=1574 outsize=702 ok=1
Cmd: preprocess
  insize=1495 outsize=1103 ok=1
Cmd: compileSnippet
  api=4 type=0 insize=5053 outsize=2607 kw=DIRECTIONAL SHADOWS_OFF LIGHTMAP_OFF DIRLIGHTMAP_OFF ok=1
Cmd: compileSnippet
  api=4 type=1 insize=5053 outsize=1453 kw=DIRECTIONAL SHADOWS_OFF LIGHTMAP_OFF DIRLIGHTMAP_OFF ok=1
Cmd: compileSnippet
  api=4 type=0 insize=3029 outsize=2875 kw=POINT ok=1
Cmd: compileSnippet
  api=4 type=1 insize=3029 outsize=1810 kw=POINT ok=1
Cmd: compileSnippet
  api=4 type=0 insize=3029 outsize=1851 kw=DIRECTIONAL ok=1
Cmd: compileSnippet
  api=4 type=1 insize=3029 outsize=1339 kw=DIRECTIONAL ok=1
